0 info it worked if it ends with ok
1 verbose cli [ 'D:\\Program Files\\nodejs\\node.exe',
1 verbose cli   'D:\\Program Files\\nodejs\\node_modules\\npm\\bin\\npm-cli.js',
1 verbose cli   'start' ]
2 info using npm@3.8.6
3 info using node@v6.1.0
4 verbose run-script [ 'prestart', 'start', 'poststart' ]
5 info lifecycle juicle-h5@1.0.0~prestart: juicle-h5@1.0.0
6 silly lifecycle juicle-h5@1.0.0~prestart: no script for prestart, continuing
7 info lifecycle juicle-h5@1.0.0~start: juicle-h5@1.0.0
8 verbose lifecycle juicle-h5@1.0.0~start: unsafe-perm in lifecycle true
9 verbose lifecycle juicle-h5@1.0.0~start: PATH: D:\Program Files\nodejs\node_modules\npm\bin\node-gyp-bin;E:\juicle-h5\node_modules\.bin;D:\Program Files\nodejs;E:\file\cmder_mini\bin;E:\file\cmder_mini\vendor\git-for-windows\bin;E:\file\cmder_mini\vendor\git-for-windows\usr\bin;E:\file\cmder_mini\vendor\git-for-windows\share\vim\vim74;E:\file\cmder_mini\vendor\conemu-maximus5;E:\file\cmder_mini\vendor\conemu-maximus5\ConEmu;C:\Windows\system32;C:\Windows;C:\Windows\System32\Wbem;C:\Windows\System32\WindowsPowerShell\v1.0\;D:\Program Files\TortoiseSVN\bin;C:\Program Files (x86)\NVIDIA Corporation\PhysX\Common;D:\Program Files\Java\jdk1.7.0_67\bin;D:\Program Files\Java\jdk1.7.0_67\jre\bin;C:\Program Files (x86)\Windows Kits\8.1\Windows Performance Toolkit\;C:\Program Files\Microsoft SQL Server\110\Tools\Binn\;D:\Program Files\nodejs\;E:\file\apache-maven-3.3.9-bin\apache-maven-3.3.9\bin;;D:\Program Files (x86)\SSH Communications Security\SSH Secure Shell;C:\Users\juicle\AppData\Roaming\npm;D:\Program Files (x86)\Microsoft VS Code\bin;E:\file\cmder_mini
10 verbose lifecycle juicle-h5@1.0.0~start: CWD: E:\juicle-h5
11 silly lifecycle juicle-h5@1.0.0~start: Args: [ '/d /s /c',
11 silly lifecycle   'webpack-dev-server --hot --inline --host 0.0.0.0 --port 96' ]
12 silly lifecycle juicle-h5@1.0.0~start: Returned: code: 1  signal: null
13 info lifecycle juicle-h5@1.0.0~start: Failed to exec start script
14 verbose stack Error: juicle-h5@1.0.0 start: `webpack-dev-server --hot --inline --host 0.0.0.0 --port 96`
14 verbose stack Exit status 1
14 verbose stack     at EventEmitter.<anonymous> (D:\Program Files\nodejs\node_modules\npm\lib\utils\lifecycle.js:239:16)
14 verbose stack     at emitTwo (events.js:106:13)
14 verbose stack     at EventEmitter.emit (events.js:191:7)
14 verbose stack     at ChildProcess.<anonymous> (D:\Program Files\nodejs\node_modules\npm\lib\utils\spawn.js:24:14)
14 verbose stack     at emitTwo (events.js:106:13)
14 verbose stack     at ChildProcess.emit (events.js:191:7)
14 verbose stack     at maybeClose (internal/child_process.js:850:16)
14 verbose stack     at Process.ChildProcess._handle.onexit (internal/child_process.js:215:5)
15 verbose pkgid juicle-h5@1.0.0
16 verbose cwd E:\juicle-h5
17 error Windows_NT 6.1.7601
18 error argv "D:\\Program Files\\nodejs\\node.exe" "D:\\Program Files\\nodejs\\node_modules\\npm\\bin\\npm-cli.js" "start"
19 error node v6.1.0
20 error npm  v3.8.6
21 error code ELIFECYCLE
22 error juicle-h5@1.0.0 start: `webpack-dev-server --hot --inline --host 0.0.0.0 --port 96`
22 error Exit status 1
23 error Failed at the juicle-h5@1.0.0 start script 'webpack-dev-server --hot --inline --host 0.0.0.0 --port 96'.
23 error Make sure you have the latest version of node.js and npm installed.
23 error If you do, this is most likely a problem with the juicle-h5 package,
23 error not with npm itself.
23 error Tell the author that this fails on your system:
23 error     webpack-dev-server --hot --inline --host 0.0.0.0 --port 96
23 error You can get information on how to open an issue for this project with:
23 error     npm bugs juicle-h5
23 error Or if that isn't available, you can get their info via:
23 error     npm owner ls juicle-h5
23 error There is likely additional logging output above.
24 verbose exit [ 1, true ]
